<?xml version="1.0" encoding="UTF-8"?>
<coverage generated="1502751063402" clover="3.2.0">
  <project timestamp="1502751063402" name="All files">
    <metrics statements="23" coveredstatements="23" conditionals="14" coveredconditionals="12" methods="8" coveredmethods="8" elements="45" coveredelements="43" complexity="0" loc="23" ncloc="23" packages="3" files="3" classes="3">
      <package name="array">
        <metrics statements="17" coveredstatements="17" conditionals="14" coveredconditionals="12" methods="4" coveredmethods="4"/>
        <file name="array-utils.js" path="/home/nacho/Documents/js_tdd/src/array/array-utils.js">
          <metrics statements="17" coveredstatements="17" conditionals="14" coveredconditionals="12" methods="4" coveredmethods="4"/>
          <line num="2" count="2" type="stmt"/>
          <line num="3" count="2" type="stmt"/>
          <line num="4" count="1" type="stmt"/>
          <line num="6" count="1" type="cond" truecount="1" falsecount="1"/>
          <line num="7" count="1" type="stmt"/>
          <line num="13" count="3" type="cond" truecount="2" falsecount="0"/>
          <line num="14" count="1" type="stmt"/>
          <line num="16" count="2" type="cond" truecount="2" falsecount="0"/>
          <line num="19" count="3" type="cond" truecount="1" falsecount="0"/>
          <line num="20" count="4" type="cond" truecount="2" falsecount="0"/>
          <line num="21" count="1" type="stmt"/>
          <line num="23" count="3" type="cond" truecount="2" falsecount="0"/>
          <line num="25" count="2" type="stmt"/>
          <line num="26" count="8" type="cond" truecount="2" falsecount="0"/>
          <line num="27" count="2" type="stmt"/>
          <line num="29" count="6" type="stmt"/>
          <line num="32" count="2" type="stmt"/>
        </file>
      </package>
      <package name="async">
        <metrics statements="5" coveredstatements="5" conditionals="0" coveredconditionals="0" methods="3" coveredmethods="3"/>
        <file name="github-api.js" path="/home/nacho/Documents/js_tdd/src/async/github-api.js">
          <metrics statements="5" coveredstatements="5" conditionals="0" coveredconditionals="0" methods="3" coveredmethods="3"/>
          <line num="4" count="2" type="stmt"/>
          <line num="5" count="2" type="stmt"/>
          <line num="9" count="1" type="stmt"/>
          <line num="10" count="1" type="stmt"/>
          <line num="11" count="1" type="stmt"/>
        </file>
      </package>
      <package name="sum">
        <metrics statements="1" coveredstatements="1" conditionals="0" coveredconditionals="0" methods="1" coveredmethods="1"/>
        <file name="sum.js" path="/home/nacho/Documents/js_tdd/src/sum/sum.js">
          <metrics statements="1" coveredstatements="1" conditionals="0" coveredconditionals="0" methods="1" coveredmethods="1"/>
          <line num="2" count="1" type="stmt"/>
        </file>
      </package>
    </metrics>
  </project>
</coverage>
