TN:
SF:/home/nacho/Documents/js_tdd/src/array/array-utils.js
FN:1,clear
FN:12,first
FN:19,deleteIf
FN:19,(anonymous_3)
FNF:4
FNH:4
FNDA:2,clear
FNDA:3,first
FNDA:4,deleteIf
FNDA:3,(anonymous_3)
DA:2,2
DA:3,2
DA:4,1
DA:6,1
DA:7,1
DA:13,3
DA:14,1
DA:16,2
DA:19,3
DA:20,4
DA:21,1
DA:23,3
DA:25,2
DA:26,8
DA:27,2
DA:29,6
DA:32,2
LF:17
LH:17
BRDA:1,0,0,0
BRDA:6,1,0,1
BRDA:6,1,1,0
BRDA:13,2,0,1
BRDA:13,2,1,2
BRDA:16,3,0,2
BRDA:16,3,1,1
BRDA:19,4,0,2
BRDA:20,5,0,1
BRDA:20,5,1,3
BRDA:23,6,0,1
BRDA:23,6,1,2
BRDA:26,7,0,2
BRDA:26,7,1,6
BRF:14
BRH:12
end_of_record
TN:
SF:/home/nacho/Documents/js_tdd/src/async/github-api.js
FN:3,getGithubUser
FN:5,(anonymous_1)
FN:8,getGithubUserAsyncFn
FNF:3
FNH:3
FNDA:2,getGithubUser
FNDA:2,(anonymous_1)
FNDA:1,getGithubUserAsyncFn
DA:4,2
DA:5,2
DA:9,1
DA:10,1
DA:11,1
LF:5
LH:5
BRF:0
BRH:0
end_of_record
TN:
SF:/home/nacho/Documents/js_tdd/src/sum/sum.js
FN:1,sum
FNF:1
FNH:1
FNDA:1,sum
DA:2,1
LF:1
LH:1
BRF:0
BRH:0
end_of_record
